#
# There is insufficient memory for the Java Runtime Environment to continue.
# Native memory allocation (mmap) failed to map 43515904 bytes for committing reserved memory.
# Possible reasons:
#   The system is out of physical RAM or swap space
#   In 32 bit mode, the process size limit was hit
# Possible solutions:
#   Reduce memory load on the system
#   Increase physical memory or swap space
#   Check if swap backing store is full
#   Use 64 bit Java on a 64 bit OS
#   Decrease Java heap size (-Xmx/-Xms)
#   Decrease number of Java threads
#   Decrease Java thread stack sizes (-Xss)
#   Set larger code cache with -XX:ReservedCodeCacheSize=
# This output file may be truncated or incomplete.
#
#  Out of Memory Error (os_linux.cpp:2643), pid=4026, tid=0x00007fef08169700
#
# JRE version:  (8.0_151-b12) (build )
# Java VM: OpenJDK 64-Bit Server VM (25.151-b12 mixed mode linux-amd64 compressed oops)
# Failed to write core dump. Core dumps have been disabled. To enable core dumping, try "ulimit -c unlimited" before starting Java again
#

---------------  T H R E A D  ---------------

Current thread (0x00007fef0000a000):  JavaThread "Unknown thread" [_thread_in_vm, id=4027, stack(0x00007fef08069000,0x00007fef0816a000)]

Stack: [0x00007fef08069000,0x00007fef0816a000],  sp=0x00007fef08168610,  free space=1021k
Native frames: (J=compiled Java code, j=interpreted, Vv=VM code, C=native code)
V  [libjvm.so+0xa6b400]
V  [libjvm.so+0x4c67fc]
V  [libjvm.so+0x8bab90]
V  [libjvm.so+0x8b521e]
V  [libjvm.so+0x92f9be]
V  [libjvm.so+0x920443]
V  [libjvm.so+0x2b01a1]
V  [libjvm.so+0x8dfb42]
V  [libjvm.so+0xa2f6f1]
V  [libjvm.so+0xa2f952]
V  [libjvm.so+0x60f13f]
V  [libjvm.so+0xa141ca]
V  [libjvm.so+0x6891c1]  JNI_CreateJavaVM+0x61
C  [libjli.so+0x2f06]
C  [libjli.so+0x748d]
C  [libpthread.so.0+0x76da]  start_thread+0xca


---------------  P R O C E S S  ---------------

Java Threads: ( => current thread )

Other Threads:

=>0x00007fef0000a000 (exited) JavaThread "Unknown thread" [_thread_in_vm, id=4027, stack(0x00007fef08069000,0x00007fef0816a000)]

VM state:not at safepoint (not fully initialized)

VM Mutex/Monitor currently owned by a thread: None

GC Heap History (0 events):
No events

Deoptimization events (0 events):
No events

Internal exceptions (0 events):
No events

Events (0 events):
No events


Dynamic libraries:
c4d80000-eb700000 ---p 00000000 00:00 0 
eb700000-ecb80000 rw-p 00000000 00:00 0 
ecb80000-100000000 ---p 00000000 00:00 0 
55c052347000-55c052348000 r-xp 00000000 08:01 399014                     /usr/lib/jvm/java-8-openjdk-amd64/jre/bin/java
55c052547000-55c052548000 r--p 00000000 08:01 399014                     /usr/lib/jvm/java-8-openjdk-amd64/jre/bin/java
55c052548000-55c052549000 rw-p 00001000 08:01 399014                     /usr/lib/jvm/java-8-openjdk-amd64/jre/bin/java
55c05310e000-55c05312f000 rw-p 00000000 00:00 0                          [heap]
7feef1000000-7feef1270000 rwxp 00000000 00:00 0 
7feef1270000-7fef00000000 ---p 00000000 00:00 0 
7fef00000000-7fef00031000 rw-p 00000000 00:00 0 
7fef00031000-7fef04000000 ---p 00000000 00:00 0 
7fef0452d000-7fef04676000 ---p 00000000 00:00 0 
7fef04676000-7fef04681000 rw-p 00000000 00:00 0 
7fef04681000-7fef0471b000 ---p 00000000 00:00 0 
7fef0471b000-7fef04726000 rw-p 00000000 00:00 0 
7fef04726000-7fef04adc000 ---p 00000000 00:00 0 
7fef04adc000-7fef04ae4000 r-xp 00000000 08:01 399058                     /usr/lib/jvm/java-8-openjdk-amd64/jre/lib/amd64/libzip.so
7fef04ae4000-7fef04ce3000 ---p 00008000 08:01 399058                     /usr/lib/jvm/java-8-openjdk-amd64/jre/lib/amd64/libzip.so
7fef04ce3000-7fef04ce4000 r--p 00007000 08:01 399058                     /usr/lib/jvm/java-8-openjdk-amd64/jre/lib/amd64/libzip.so
7fef04ce4000-7fef04ce5000 rw-p 00008000 08:01 399058                     /usr/lib/jvm/java-8-openjdk-amd64/jre/lib/amd64/libzip.so
7fef04ce5000-7fef04cf0000 r-xp 00000000 08:01 1966171                    /lib/x86_64-linux-gnu/libnss_files-2.24.so
7fef04cf0000-7fef04eef000 ---p 0000b000 08:01 1966171                    /lib/x86_64-linux-gnu/libnss_files-2.24.so
7fef04eef000-7fef04ef0000 r--p 0000a000 08:01 1966171                    /lib/x86_64-linux-gnu/libnss_files-2.24.so
7fef04ef0000-7fef04ef1000 rw-p 0000b000 08:01 1966171                    /lib/x86_64-linux-gnu/libnss_files-2.24.so
7fef04ef1000-7fef04ef7000 rw-p 00000000 00:00 0 
7fef04ef7000-7fef04f02000 r-xp 00000000 08:01 1966173                    /lib/x86_64-linux-gnu/libnss_nis-2.24.so
7fef04f02000-7fef05101000 ---p 0000b000 08:01 1966173                    /lib/x86_64-linux-gnu/libnss_nis-2.24.so
7fef05101000-7fef05102000 r--p 0000a000 08:01 1966173                    /lib/x86_64-linux-gnu/libnss_nis-2.24.so
7fef05102000-7fef05103000 rw-p 0000b000 08:01 1966173                    /lib/x86_64-linux-gnu/libnss_nis-2.24.so
7fef05103000-7fef05119000 r-xp 00000000 08:01 1966168                    /lib/x86_64-linux-gnu/libnsl-2.24.so
7fef05119000-7fef05318000 ---p 00016000 08:01 1966168                    /lib/x86_64-linux-gnu/libnsl-2.24.so
7fef05318000-7fef05319000 r--p 00015000 08:01 1966168                    /lib/x86_64-linux-gnu/libnsl-2.24.so
7fef05319000-7fef0531a000 rw-p 00016000 08:01 1966168                    /lib/x86_64-linux-gnu/libnsl-2.24.so
7fef0531a000-7fef0531c000 rw-p 00000000 00:00 0 
7fef0531c000-7fef05324000 r-xp 00000000 08:01 1966169                    /lib/x86_64-linux-gnu/libnss_compat-2.24.so
7fef05324000-7fef05523000 ---p 00008000 08:01 1966169                    /lib/x86_64-linux-gnu/libnss_compat-2.24.so
7fef05523000-7fef05524000 r--p 00007000 08:01 1966169                    /lib/x86_64-linux-gnu/libnss_compat-2.24.so
7fef05524000-7fef05525000 rw-p 00008000 08:01 1966169                    /lib/x86_64-linux-gnu/libnss_compat-2.24.so
7fef05525000-7fef05552000 r-xp 00000000 08:01 399039                     /usr/lib/jvm/java-8-openjdk-amd64/jre/lib/amd64/libjava.so
7fef05552000-7fef05751000 ---p 0002d000 08:01 399039                     /usr/lib/jvm/java-8-openjdk-amd64/jre/lib/amd64/libjava.so
7fef05751000-7fef05752000 r--p 0002c000 08:01 399039                     /usr/lib/jvm/java-8-openjdk-amd64/jre/lib/amd64/libjava.so
7fef05752000-7fef05754000 rw-p 0002d000 08:01 399039                     /usr/lib/jvm/java-8-openjdk-amd64/jre/lib/amd64/libjava.so
7fef05754000-7fef05763000 r-xp 00000000 08:01 399057                     /usr/lib/jvm/java-8-openjdk-amd64/jre/lib/amd64/libverify.so
7fef05763000-7fef05963000 ---p 0000f000 08:01 399057                     /usr/lib/jvm/java-8-openjdk-amd64/jre/lib/amd64/libverify.so
7fef05963000-7fef05965000 r--p 0000f000 08:01 399057                     /usr/lib/jvm/java-8-openjdk-amd64/jre/lib/amd64/libverify.so
7fef05965000-7fef05966000 rw-p 00011000 08:01 399057                     /usr/lib/jvm/java-8-openjdk-amd64/jre/lib/amd64/libverify.so
7fef05966000-7fef0596d000 r-xp 00000000 08:01 1970964                    /lib/x86_64-linux-gnu/librt-2.24.so
7fef0596d000-7fef05b6c000 ---p 00007000 08:01 1970964                    /lib/x86_64-linux-gnu/librt-2.24.so
7fef05b6c000-7fef05b6d000 r--p 00006000 08:01 1970964                    /lib/x86_64-linux-gnu/librt-2.24.so
7fef05b6d000-7fef05b6e000 rw-p 00007000 08:01 1970964                    /lib/x86_64-linux-gnu/librt-2.24.so
7fef05b6e000-7fef05b84000 r-xp 00000000 08:01 1971334                    /lib/x86_64-linux-gnu/libgcc_s.so.1
7fef05b84000-7fef05d83000 ---p 00016000 08:01 1971334                    /lib/x86_64-linux-gnu/libgcc_s.so.1
7fef05d83000-7fef05d84000 r--p 00015000 08:01 1971334                    /lib/x86_64-linux-gnu/libgcc_s.so.1
7fef05d84000-7fef05d85000 rw-p 00016000 08:01 1971334                    /lib/x86_64-linux-gnu/libgcc_s.so.1
7fef05d85000-7fef05e8d000 r-xp 00000000 08:01 1966165                    /lib/x86_64-linux-gnu/libm-2.24.so
7fef05e8d000-7fef0608c000 ---p 00108000 08:01 1966165                    /lib/x86_64-linux-gnu/libm-2.24.so
7fef0608c000-7fef0608d000 r--p 00107000 08:01 1966165                    /lib/x86_64-linux-gnu/libm-2.24.so
7fef0608d000-7fef0608e000 rw-p 00108000 08:01 1966165                    /lib/x86_64-linux-gnu/libm-2.24.so
7fef0608e000-7fef06207000 r-xp 00000000 08:01 273969                     /usr/lib/x86_64-linux-gnu/libstdc++.so.6.0.22
7fef06207000-7fef06406000 ---p 00179000 08:01 273969                     /usr/lib/x86_64-linux-gnu/libstdc++.so.6.0.22
7fef06406000-7fef06410000 r--p 00178000 08:01 273969                     /usr/lib/x86_64-linux-gnu/libstdc++.so.6.0.22
7fef06410000-7fef06412000 rw-p 00182000 08:01 273969                     /usr/lib/x86_64-linux-gnu/libstdc++.so.6.0.22
7fef06412000-7fef06416000 rw-p 00000000 00:00 0 
7fef06416000-7fef0706b000 r-xp 00000000 08:01 399060                     /usr/lib/jvm/java-8-openjdk-amd64/jre/lib/amd64/server/libjvm.so
7fef0706b000-7fef0726b000 ---p 00c55000 08:01 399060                     /usr/lib/jvm/java-8-openjdk-amd64/jre/lib/amd64/server/libjvm.so
7fef0726b000-7fef072fe000 r--p 00c55000 08:01 399060                     /usr/lib/jvm/java-8-openjdk-amd64/jre/lib/amd64/server/libjvm.so
7fef072fe000-7fef07327000 rw-p 00ce8000 08:01 399060                     /usr/lib/jvm/java-8-openjdk-amd64/jre/lib/amd64/server/libjvm.so
7fef07327000-7fef07357000 rw-p 00000000 00:00 0 
7fef07357000-7fef0736f000 r-xp 00000000 08:01 1966176                    /lib/x86_64-linux-gnu/libpthread-2.24.so
7fef0736f000-7fef0756f000 ---p 00018000 08:01 1966176                    /lib/x86_64-linux-gnu/libpthread-2.24.so
7fef0756f000-7fef07570000 r--p 00018000 08:01 1966176                    /lib/x86_64-linux-gnu/libpthread-2.24.so
7fef07570000-7fef07571000 rw-p 00019000 08:01 1966176                    /lib/x86_64-linux-gnu/libpthread-2.24.so
7fef07571000-7fef07575000 rw-p 00000000 00:00 0 
7fef07575000-7fef07578000 r-xp 00000000 08:01 1966164                    /lib/x86_64-linux-gnu/libdl-2.24.so
7fef07578000-7fef07777000 ---p 00003000 08:01 1966164                    /lib/x86_64-linux-gnu/libdl-2.24.so
7fef07777000-7fef07778000 r--p 00002000 08:01 1966164                    /lib/x86_64-linux-gnu/libdl-2.24.so
7fef07778000-7fef07779000 rw-p 00003000 08:01 1966164                    /lib/x86_64-linux-gnu/libdl-2.24.so
7fef07779000-7fef07794000 r-xp 00000000 08:01 1971476                    /lib/x86_64-linux-gnu/libz.so.1.2.11
7fef07794000-7fef07993000 ---p 0001b000 08:01 1971476                    /lib/x86_64-linux-gnu/libz.so.1.2.11
7fef07993000-7fef07994000 r--p 0001a000 08:01 1971476                    /lib/x86_64-linux-gnu/libz.so.1.2.11
7fef07994000-7fef07995000 rw-p 0001b000 08:01 1971476                    /lib/x86_64-linux-gnu/libz.so.1.2.11
7fef07995000-7fef07b53000 r-xp 00000000 08:01 1966161                    /lib/x86_64-linux-gnu/libc-2.24.so
7fef07b53000-7fef07d52000 ---p 001be000 08:01 1966161                    /lib/x86_64-linux-gnu/libc-2.24.so
7fef07d52000-7fef07d56000 r--p 001bd000 08:01 1966161                    /lib/x86_64-linux-gnu/libc-2.24.so
7fef07d56000-7fef07d58000 rw-p 001c1000 08:01 1966161                    /lib/x86_64-linux-gnu/libc-2.24.so
7fef07d58000-7fef07d5c000 rw-p 00000000 00:00 0 
7fef07d5c000-7fef07d69000 r-xp 00000000 08:01 399025                     /usr/lib/jvm/java-8-openjdk-amd64/jre/lib/amd64/jli/libjli.so
7fef07d69000-7fef07f69000 ---p 0000d000 08:01 399025                     /usr/lib/jvm/java-8-openjdk-amd64/jre/lib/amd64/jli/libjli.so
7fef07f69000-7fef07f6a000 r--p 0000d000 08:01 399025                     /usr/lib/jvm/java-8-openjdk-amd64/jre/lib/amd64/jli/libjli.so
7fef07f6a000-7fef07f6b000 rw-p 0000e000 08:01 399025                     /usr/lib/jvm/java-8-openjdk-amd64/jre/lib/amd64/jli/libjli.so
7fef07f6b000-7fef07f91000 r-xp 00000000 08:01 1966085                    /lib/x86_64-linux-gnu/ld-2.24.so
7fef08069000-7fef0806c000 ---p 00000000 00:00 0 
7fef0806c000-7fef0816e000 rw-p 00000000 00:00 0 
7fef08183000-7fef0818b000 rw-s 00000000 08:01 2114217                    /tmp/hsperfdata_joao/4026
7fef0818b000-7fef0818c000 rw-p 00000000 00:00 0 
7fef0818c000-7fef0818d000 r--p 00000000 00:00 0 
7fef0818d000-7fef08190000 rw-p 00000000 00:00 0 
7fef08190000-7fef08191000 r--p 00025000 08:01 1966085                    /lib/x86_64-linux-gnu/ld-2.24.so
7fef08191000-7fef08192000 rw-p 00026000 08:01 1966085                    /lib/x86_64-linux-gnu/ld-2.24.so
7fef08192000-7fef08193000 rw-p 00000000 00:00 0 
7ffcf480a000-7ffcf482b000 rw-p 00000000 00:00 0                          [stack]
7ffcf48db000-7ffcf48dd000 r--p 00000000 00:00 0                          [vvar]
7ffcf48dd000-7ffcf48df000 r-xp 00000000 00:00 0                          [vdso]
ffffffffff600000-ffffffffff601000 r-xp 00000000 00:00 0                  [vsyscall]

VM Arguments:
jvm_args: -Dfile.encoding=UTF-8 
java_command: mapa_genoma.App
java_class_path (initial): /home/joao/Dropbox/PROJETOS_DESENV/mapa_genoma/bin
Launcher Type: SUN_STANDARD

Environment Variables:
PATH=/home/joao/anaconda3/bin:/usr/local/sbin:/usr/local/bin:/usr/sbin:/usr/bin:/sbin:/bin:/usr/games:/usr/local/games:/snap/bin
SHELL=/bin/bash
DISPLAY=:0

Signal Handlers:
SIGSEGV: [libjvm.so+0xa6be90], sa_mask[0]=11111111011111111101111111111110, sa_flags=SA_RESTART|SA_SIGINFO
SIGBUS: [libjvm.so+0xa6be90], sa_mask[0]=11111111011111111101111111111110, sa_flags=SA_RESTART|SA_SIGINFO
SIGFPE: [libjvm.so+0x8b63b0], sa_mask[0]=11111111011111111101111111111110, sa_flags=SA_RESTART|SA_SIGINFO
SIGPIPE: [libjvm.so+0x8b63b0], sa_mask[0]=11111111011111111101111111111110, sa_flags=SA_RESTART|SA_SIGINFO
SIGXFSZ: [libjvm.so+0x8b63b0], sa_mask[0]=11111111011111111101111111111110, sa_flags=SA_RESTART|SA_SIGINFO
SIGILL: [libjvm.so+0x8b63b0], sa_mask[0]=11111111011111111101111111111110, sa_flags=SA_RESTART|SA_SIGINFO
SIGUSR1: SIG_DFL, sa_mask[0]=00000000000000000000000000000000, sa_flags=none
SIGUSR2: [libjvm.so+0x8b6260], sa_mask[0]=00100000000000000000000000000000, sa_flags=SA_RESTART|SA_SIGINFO
SIGHUP: SIG_DFL, sa_mask[0]=00000000000000000000000000000000, sa_flags=none
SIGINT: SIG_DFL, sa_mask[0]=00000000000000000000000000000000, sa_flags=none
SIGTERM: SIG_DFL, sa_mask[0]=00000000000000000000000000000000, sa_flags=none
SIGQUIT: SIG_DFL, sa_mask[0]=00000000000000000000000000000000, sa_flags=none


---------------  S Y S T E M  ---------------

OS:DISTRIB_ID=Ubuntu
DISTRIB_RELEASE=17.04
DISTRIB_CODENAME=zesty
DISTRIB_DESCRIPTION="Ubuntu 17.04"

uname:Linux 4.10.0-38-generic #42-Ubuntu SMP Tue Oct 10 13:24:27 UTC 2017 x86_64
libc:glibc 2.24 NPTL 2.24 
rlimit: STACK 8192k, CORE 0k, NPROC 15634, NOFILE 1048576, AS infinity
load average:2.55 0.91 0.62

/proc/meminfo:
MemTotal:        4043916 kB
MemFree:           99876 kB
MemAvailable:      14812 kB
Buffers:             888 kB
Cached:           102752 kB
SwapCached:          768 kB
Active:          3072408 kB
Inactive:         624564 kB
Active(anon):    3056696 kB
Inactive(anon):   611700 kB
Active(file):      15712 kB
Inactive(file):    12864 kB
Unevictable:         408 kB
Mlocked:             408 kB
SwapTotal:       1942896 kB
SwapFree:              0 kB
Dirty:               248 kB
Writeback:             0 kB
AnonPages:       3594096 kB
Mapped:            35160 kB
Shmem:             74348 kB
Slab:              87528 kB
SReclaimable:      38600 kB
SUnreclaim:        48928 kB
KernelStack:       17776 kB
PageTables:        88508 kB
NFS_Unstable:          0 kB
Bounce:                0 kB
WritebackTmp:          0 kB
CommitLimit:     3964852 kB
Committed_AS:   13874080 kB
VmallocTotal:   34359738367 kB
VmallocUsed:           0 kB
VmallocChunk:          0 kB
HardwareCorrupted:     0 kB
AnonHugePages:   1347584 kB
ShmemHugePages:        0 kB
ShmemPmdMapped:        0 kB
CmaTotal:              0 kB
CmaFree:               0 kB
HugePages_Total:       0
HugePages_Free:        0
HugePages_Rsvd:        0
HugePages_Surp:        0
Hugepagesize:       2048 kB
DirectMap4k:      286656 kB
DirectMap2M:     3907584 kB


CPU:total 4 (initial active 4) (4 cores per cpu, 1 threads per core) family 6 model 94 stepping 3, cmov, cx8, fxsr, mmx, sse, sse2, sse3, ssse3, sse4.1, sse4.2, popcnt, avx, aes, clmul, 3dnowpref, lzcnt, tsc, tscinvbit

/proc/cpuinfo:
processor	: 0
vendor_id	: GenuineIntel
cpu family	: 6
model		: 94
model name	: Intel(R) Core(TM) i7-6700HQ CPU @ 2.60GHz
stepping	: 3
cpu MHz		: 2591.998
cache size	: 6144 KB
physical id	: 0
siblings	: 4
core id		: 0
cpu cores	: 4
apicid		: 0
initial apicid	: 0
fpu		: yes
fpu_exception	: yes
cpuid level	: 22
wp		: yes
flags		: fpu vme de pse tsc msr pae mce cx8 apic sep mtrr pge mca cmov pat pse36 clflush mmx fxsr sse sse2 ht syscall nx rdtscp lm constant_tsc rep_good nopl xtopology nonstop_tsc pni pclmulqdq ssse3 cx16 sse4_1 sse4_2 x2apic movbe popcnt aes xsave avx rdrand hypervisor lahf_lm abm 3dnowprefetch rdseed clflushopt
bugs		:
bogomips	: 5183.99
clflush size	: 64
cache_alignment	: 64
address sizes	: 39 bits physical, 48 bits virtual
power management:

processor	: 1
vendor_id	: GenuineIntel
cpu family	: 6
model		: 94
model name	: Intel(R) Core(TM) i7-6700HQ CPU @ 2.60GHz
stepping	: 3
cpu MHz		: 2591.998
cache size	: 6144 KB
physical id	: 0
siblings	: 4
core id		: 1
cpu cores	: 4
apicid		: 1
initial apicid	: 1
fpu		: yes
fpu_exception	: yes
cpuid level	: 22
wp		: yes
flags		: fpu vme de pse tsc msr pae mce cx8 apic sep mtrr pge mca cmov pat pse36 clflush mmx fxsr sse sse2 ht syscall nx rdtscp lm constant_tsc rep_good nopl xtopology nonstop_tsc pni pclmulqdq ssse3 cx16 sse4_1 sse4_2 x2apic movbe popcnt aes xsave avx rdrand hypervisor lahf_lm abm 3dnowprefetch rdseed clflushopt
bugs		:
bogomips	: 5183.99
clflush size	: 64
cache_alignment	: 64
address sizes	: 39 bits physical, 48 bits virtual
power management:

processor	: 2
vendor_id	: GenuineIntel
cpu family	: 6
model		: 94
model name	: Intel(R) Core(TM) i7-6700HQ CPU @ 2.60GHz
stepping	: 3
cpu MHz		: 2591.998
cache size	: 6144 KB
physical id	: 0
siblings	: 4
core id		: 2
cpu cores	: 4
apicid		: 2
initial apicid	: 2
fpu		: yes
fpu_exception	: yes
cpuid level	: 22
wp		: yes
flags		: fpu vme de pse tsc msr pae mce cx8 apic sep mtrr pge mca cmov pat pse36 clflush mmx fxsr sse sse2 ht syscall nx rdtscp lm constant_tsc rep_good nopl xtopology nonstop_tsc pni pclmulqdq ssse3 cx16 sse4_1 sse4_2 x2apic movbe popcnt aes xsave avx rdrand hypervisor lahf_lm abm 3dnowprefetch rdseed clflushopt
bugs		:
bogomips	: 5183.99
clflush size	: 64
cache_alignment	: 64
address sizes	: 39 bits physical, 48 bits virtual
power management:

processor	: 3
vendor_id	: GenuineIntel
cpu family	: 6
model		: 94
model name	: Intel(R) Core(TM) i7-6700HQ CPU @ 2.60GHz
stepping	: 3
cpu MHz		: 2591.998
cache size	: 6144 KB
physical id	: 0
siblings	: 4
core id		: 3
cpu cores	: 4
apicid		: 3
initial apicid	: 3
fpu		: yes
fpu_exception	: yes
cpuid level	: 22
wp		: yes
flags		: fpu vme de pse tsc msr pae mce cx8 apic sep mtrr pge mca cmov pat pse36 clflush mmx fxsr sse sse2 ht syscall nx rdtscp lm constant_tsc rep_good nopl xtopology nonstop_tsc pni pclmulqdq ssse3 cx16 sse4_1 sse4_2 x2apic movbe popcnt aes xsave avx rdrand hypervisor lahf_lm abm 3dnowprefetch rdseed clflushopt
bugs		:
bogomips	: 5183.99
clflush size	: 64
cache_alignment	: 64
address sizes	: 39 bits physical, 48 bits virtual
power management:



Memory: 4k page, physical 4043916k(99876k free), swap 1942896k(0k free)

vm_info: OpenJDK 64-Bit Server VM (25.151-b12) for linux-amd64 JRE (1.8.0_151-8u151-b12-0ubuntu0.17.04.2-b12), built on Oct 26 2017 19:48:24 by "buildd" with gcc 6.3.0 20170406

time: Mon Nov 13 20:44:47 2017
elapsed time: 0 seconds (0d 0h 0m 0s)

