#
# There is insufficient memory for the Java Runtime Environment to continue.
# Native memory allocation (mmap) failed to map 32505856 bytes for committing reserved memory.
# Possible reasons:
#   The system is out of physical RAM or swap space
#   In 32 bit mode, the process size limit was hit
# Possible solutions:
#   Reduce memory load on the system
#   Increase physical memory or swap space
#   Check if swap backing store is full
#   Use 64 bit Java on a 64 bit OS
#   Decrease Java heap size (-Xmx/-Xms)
#   Decrease number of Java threads
#   Decrease Java thread stack sizes (-Xss)
#   Set larger code cache with -XX:ReservedCodeCacheSize=
# This output file may be truncated or incomplete.
#
#  Out of Memory Error (os_linux.cpp:2643), pid=3965, tid=0x00007fd604afa700
#
# JRE version: OpenJDK Runtime Environment (8.0_151-b12) (build 1.8.0_151-8u151-b12-0ubuntu0.17.04.2-b12)
# Java VM: OpenJDK 64-Bit Server VM (25.151-b12 mixed mode linux-amd64 compressed oops)
# Failed to write core dump. Core dumps have been disabled. To enable core dumping, try "ulimit -c unlimited" before starting Java again
#

---------------  T H R E A D  ---------------

Current thread (0x00007fd614077800):  VMThread [stack: 0x00007fd6049fa000,0x00007fd604afb000] [id=3976]

Stack: [0x00007fd6049fa000,0x00007fd604afb000],  sp=0x00007fd604af94d0,  free space=1021k
Native frames: (J=compiled Java code, j=interpreted, Vv=VM code, C=native code)
V  [libjvm.so+0xa6b400]
V  [libjvm.so+0x4c67fc]
V  [libjvm.so+0x8bab90]
V  [libjvm.so+0x8b521e]
V  [libjvm.so+0x92f9be]
V  [libjvm.so+0x930d43]
V  [libjvm.so+0x92d393]
V  [libjvm.so+0x92d63c]
V  [libjvm.so+0x8df0c3]
V  [libjvm.so+0xa6d072]
V  [libjvm.so+0xa721e7]
V  [libjvm.so+0xa6f977]
V  [libjvm.so+0xa70df6]
V  [libjvm.so+0xa712f1]
V  [libjvm.so+0x8b8122]

VM_Operation (0x00007fd61d948270): ParallelGCFailedAllocation, mode: safepoint, requested by thread 0x00007fd61400a000


---------------  P R O C E S S  ---------------

Java Threads: ( => current thread )
  0x00007fd6140c2000 JavaThread "Service Thread" daemon [_thread_blocked, id=3983, stack(0x00007fd604017000,0x00007fd604118000)]
  0x00007fd6140b2800 JavaThread "C1 CompilerThread2" daemon [_thread_blocked, id=3982, stack(0x00007fd604118000,0x00007fd604219000)]
  0x00007fd6140b1000 JavaThread "C2 CompilerThread1" daemon [_thread_in_native, id=3981, stack(0x00007fd604219000,0x00007fd60431a000)]
  0x00007fd6140ae000 JavaThread "C2 CompilerThread0" daemon [_thread_blocked, id=3980, stack(0x00007fd60431a000,0x00007fd60441b000)]
  0x00007fd6140ac000 JavaThread "Signal Dispatcher" daemon [_thread_blocked, id=3979, stack(0x00007fd60441b000,0x00007fd60451c000)]
  0x00007fd614083800 JavaThread "Finalizer" daemon [_thread_blocked, id=3978, stack(0x00007fd6047f8000,0x00007fd6048f9000)]
  0x00007fd61407f000 JavaThread "Reference Handler" daemon [_thread_blocked, id=3977, stack(0x00007fd6048f9000,0x00007fd6049fa000)]
  0x00007fd61400a000 JavaThread "main" [_thread_blocked, id=3971, stack(0x00007fd61d849000,0x00007fd61d94a000)]

Other Threads:
=>0x00007fd614077800 VMThread [stack: 0x00007fd6049fa000,0x00007fd604afb000] [id=3976]
  0x00007fd6140c4800 WatcherThread [stack: 0x00007fd5fe01f000,0x00007fd5fe120000] [id=3984]

VM state:at safepoint (normal execution)

VM Mutex/Monitor currently owned by a thread:  ([mutex/lock_event])
[0x00007fd614006160] Threads_lock - owner thread: 0x00007fd614077800
[0x00007fd614006660] Heap_lock - owner thread: 0x00007fd61400a000

Heap:
 PSYoungGen      total 34304K, used 2546K [0x00000000eb700000, 0x00000000edb00000, 0x0000000100000000)
  eden space 31744K, 0% used [0x00000000eb700000,0x00000000eb700000,0x00000000ed600000)
  from space 2560K, 99% used [0x00000000ed600000,0x00000000ed87c858,0x00000000ed880000)
  to   space 2560K, 0% used [0x00000000ed880000,0x00000000ed880000,0x00000000edb00000)
 ParOldGen       total 42496K, used 3441K [0x00000000c2400000, 0x00000000c4d80000, 0x00000000eb700000)
  object space 42496K, 8% used [0x00000000c2400000,0x00000000c275c6f8,0x00000000c4d80000)
 Metaspace       used 3692K, capacity 4614K, committed 4864K, reserved 1056768K
  class space    used 405K, capacity 430K, committed 512K, reserved 1048576K

Card table byte_map: [0x00007fd619d0d000,0x00007fd619efc000] byte_map_base: 0x00007fd6196fb000

Marking Bits: (ParMarkBitMap*) 0x00007fd61cb1a2c0
 Begin Bits: [0x00007fd5fe120000, 0x00007fd5ff090000)
 End Bits:   [0x00007fd5ff090000, 0x00007fd600000000)

Polling page: 0x00007fd61d96c000

CodeCache: size=245760Kb used=1598Kb max_used=1608Kb free=244161Kb
 bounds [0x00007fd605000000, 0x00007fd605270000, 0x00007fd614000000]
 total_blobs=442 nmethods=190 adapters=167
 compilation: enabled

Compilation events (10 events):
Event: 0,609 Thread 0x00007fd6140ae000 nmethod 196 0x00007fd6051935d0 code [0x00007fd6051937e0, 0x00007fd605194218]
Event: 0,609 Thread 0x00007fd6140ae000  187       4       java.lang.String::substring (79 bytes)
Event: 0,624 Thread 0x00007fd6140ae000 nmethod 187 0x00007fd605191850 code [0x00007fd6051919c0, 0x00007fd605191dd8]
Event: 0,624 Thread 0x00007fd6140ae000  178       4       java.util.regex.Matcher::group (112 bytes)
Event: 0,626 Thread 0x00007fd6140b2800  202       2       sun.misc.SharedSecrets::getJavaLangAccess (4 bytes)
Event: 0,626 Thread 0x00007fd6140b2800 nmethod 202 0x00007fd605191550 code [0x00007fd6051916a0, 0x00007fd6051917d0]
Event: 0,626 Thread 0x00007fd6140b2800  203       1       java.nio.HeapByteBuffer::isReadOnly (2 bytes)
Event: 0,626 Thread 0x00007fd6140b2800 nmethod 203 0x00007fd605190d10 code [0x00007fd605190e60, 0x00007fd605190f70]
Event: 0,626 Thread 0x00007fd6140b2800  204       1       java.nio.DirectByteBuffer::isDirect (2 bytes)
Event: 0,626 Thread 0x00007fd6140b2800 nmethod 204 0x00007fd605190a50 code [0x00007fd605190ba0, 0x00007fd605190cb0]

GC Heap History (5 events):
Event: 0,535 GC heap before
{Heap before GC invocations=1 (full 0):
 PSYoungGen      total 18432K, used 15872K [0x00000000eb700000, 0x00000000ecb80000, 0x0000000100000000)
  eden space 15872K, 100% used [0x00000000eb700000,0x00000000ec680000,0x00000000ec680000)
  from space 2560K, 0% used [0x00000000ec900000,0x00000000ec900000,0x00000000ecb80000)
  to   space 2560K, 0% used [0x00000000ec680000,0x00000000ec680000,0x00000000ec900000)
 ParOldGen       total 42496K, used 0K [0x00000000c2400000, 0x00000000c4d80000, 0x00000000eb700000)
  object space 42496K, 0% used [0x00000000c2400000,0x00000000c2400000,0x00000000c4d80000)
 Metaspace       used 3681K, capacity 4614K, committed 4864K, reserved 1056768K
  class space    used 405K, capacity 430K, committed 512K, reserved 1048576K
Event: 0,544 GC heap after
Heap after GC invocations=1 (full 0):
 PSYoungGen      total 18432K, used 1846K [0x00000000eb700000, 0x00000000edb00000, 0x0000000100000000)
  eden space 15872K, 0% used [0x00000000eb700000,0x00000000eb700000,0x00000000ec680000)
  from space 2560K, 72% used [0x00000000ec680000,0x00000000ec84d860,0x00000000ec900000)
  to   space 2560K, 0% used [0x00000000ed880000,0x00000000ed880000,0x00000000edb00000)
 ParOldGen       total 42496K, used 8K [0x00000000c2400000, 0x00000000c4d80000, 0x00000000eb700000)
  object space 42496K, 0% used [0x00000000c2400000,0x00000000c2402000,0x00000000c4d80000)
 Metaspace       used 3681K, capacity 4614K, committed 4864K, reserved 1056768K
  class space    used 405K, capacity 430K, committed 512K, reserved 1048576K
}
Event: 0,583 GC heap before
{Heap before GC invocations=2 (full 0):
 PSYoungGen      total 18432K, used 17718K [0x00000000eb700000, 0x00000000edb00000, 0x0000000100000000)
  eden space 15872K, 100% used [0x00000000eb700000,0x00000000ec680000,0x00000000ec680000)
  from space 2560K, 72% used [0x00000000ec680000,0x00000000ec84d860,0x00000000ec900000)
  to   space 2560K, 0% used [0x00000000ed880000,0x00000000ed880000,0x00000000edb00000)
 ParOldGen       total 42496K, used 8K [0x00000000c2400000, 0x00000000c4d80000, 0x00000000eb700000)
  object space 42496K, 0% used [0x00000000c2400000,0x00000000c2402000,0x00000000c4d80000)
 Metaspace       used 3691K, capacity 4614K, committed 4864K, reserved 1056768K
  class space    used 405K, capacity 430K, committed 512K, reserved 1048576K
Event: 0,591 GC heap after
Heap after GC invocations=2 (full 0):
 PSYoungGen      total 34304K, used 2558K [0x00000000eb700000, 0x00000000edb00000, 0x0000000100000000)
  eden space 31744K, 0% used [0x00000000eb700000,0x00000000eb700000,0x00000000ed600000)
  from space 2560K, 99% used [0x00000000ed880000,0x00000000edaff890,0x00000000edb00000)
  to   space 2560K, 0% used [0x00000000ed600000,0x00000000ed600000,0x00000000ed880000)
 ParOldGen       total 42496K, used 576K [0x00000000c2400000, 0x00000000c4d80000, 0x00000000eb700000)
  object space 42496K, 1% used [0x00000000c2400000,0x00000000c2490068,0x00000000c4d80000)
 Metaspace       used 3691K, capacity 4614K, committed 4864K, reserved 1056768K
  class space    used 405K, capacity 430K, committed 512K, reserved 1048576K
}
Event: 0,657 GC heap before
{Heap before GC invocations=3 (full 0):
 PSYoungGen      total 34304K, used 34302K [0x00000000eb700000, 0x00000000edb00000, 0x0000000100000000)
  eden space 31744K, 100% used [0x00000000eb700000,0x00000000ed600000,0x00000000ed600000)
  from space 2560K, 99% used [0x00000000ed880000,0x00000000edaff890,0x00000000edb00000)
  to   space 2560K, 0% used [0x00000000ed600000,0x00000000ed600000,0x00000000ed880000)
 ParOldGen       total 42496K, used 576K [0x00000000c2400000, 0x00000000c4d80000, 0x00000000eb700000)
  object space 42496K, 1% used [0x00000000c2400000,0x00000000c2490068,0x00000000c4d80000)
 Metaspace       used 3692K, capacity 4614K, committed 4864K, reserved 1056768K
  class space    used 405K, capacity 430K, committed 512K, reserved 1048576K

Deoptimization events (0 events):
No events

Internal exceptions (10 events):
Event: 0,126 Thread 0x00007fd61400a000 Exception <a 'java/lang/NoSuchMethodError': Method sun.misc.Unsafe.prefetchRead(Ljava/lang/Object;J)V name or signature does not match> (0x00000000eb707f90) thrown at [/build/openjdk-8-NF02PR/openjdk-8-8u151-b12/src/hotspot/src/share/vm/prims/jni.cpp, lin
Event: 0,279 Thread 0x00007fd61400a000 Exception <a 'java/util/zip/ZipException'> (0x00000000eb751020) thrown at [/build/openjdk-8-NF02PR/openjdk-8-8u151-b12/src/hotspot/src/share/vm/prims/jni.cpp, line 709]
Event: 0,279 Thread 0x00007fd61400a000 Exception <a 'java/security/PrivilegedActionException'> (0x00000000eb7512c0) thrown at [/build/openjdk-8-NF02PR/openjdk-8-8u151-b12/src/hotspot/src/share/vm/prims/jvm.cpp, line 1390]
Event: 0,279 Thread 0x00007fd61400a000 Exception <a 'java/security/PrivilegedActionException'> (0x00000000eb7514d0) thrown at [/build/openjdk-8-NF02PR/openjdk-8-8u151-b12/src/hotspot/src/share/vm/prims/jvm.cpp, line 1390]
Event: 0,359 Thread 0x00007fd61400a000 Exception <a 'java/security/PrivilegedActionException'> (0x00000000eb78d6e8) thrown at [/build/openjdk-8-NF02PR/openjdk-8-8u151-b12/src/hotspot/src/share/vm/prims/jvm.cpp, line 1390]
Event: 0,359 Thread 0x00007fd61400a000 Exception <a 'java/security/PrivilegedActionException'> (0x00000000eb78dae0) thrown at [/build/openjdk-8-NF02PR/openjdk-8-8u151-b12/src/hotspot/src/share/vm/prims/jvm.cpp, line 1390]
Event: 0,359 Thread 0x00007fd61400a000 Exception <a 'java/security/PrivilegedActionException'> (0x00000000eb78fd50) thrown at [/build/openjdk-8-NF02PR/openjdk-8-8u151-b12/src/hotspot/src/share/vm/prims/jvm.cpp, line 1390]
Event: 0,359 Thread 0x00007fd61400a000 Exception <a 'java/security/PrivilegedActionException'> (0x00000000eb790148) thrown at [/build/openjdk-8-NF02PR/openjdk-8-8u151-b12/src/hotspot/src/share/vm/prims/jvm.cpp, line 1390]
Event: 0,359 Thread 0x00007fd61400a000 Exception <a 'java/security/PrivilegedActionException'> (0x00000000eb790e08) thrown at [/build/openjdk-8-NF02PR/openjdk-8-8u151-b12/src/hotspot/src/share/vm/prims/jvm.cpp, line 1390]
Event: 0,359 Thread 0x00007fd61400a000 Exception <a 'java/security/PrivilegedActionException'> (0x00000000eb791200) thrown at [/build/openjdk-8-NF02PR/openjdk-8-8u151-b12/src/hotspot/src/share/vm/prims/jvm.cpp, line 1390]

Events (10 events):
Event: 0,573 Thread 0x00007fd61400a000 DEOPT UNPACKING pc=0x00007fd605047373 sp=0x00007fd61d947fd8 mode 0
Event: 0,574 Thread 0x00007fd61400a000 DEOPT PACKING pc=0x00007fd60512abfb sp=0x00007fd61d948280
Event: 0,574 Thread 0x00007fd61400a000 DEOPT UNPACKING pc=0x00007fd605047373 sp=0x00007fd61d947fd8 mode 0
Event: 0,574 Thread 0x00007fd61400a000 DEOPT PACKING pc=0x00007fd60512abfb sp=0x00007fd61d948280
Event: 0,574 Thread 0x00007fd61400a000 DEOPT UNPACKING pc=0x00007fd605047373 sp=0x00007fd61d947fd8 mode 0
Event: 0,575 Thread 0x00007fd61400a000 DEOPT PACKING pc=0x00007fd60512abfb sp=0x00007fd61d948280
Event: 0,575 Thread 0x00007fd61400a000 DEOPT UNPACKING pc=0x00007fd605047373 sp=0x00007fd61d947fd8 mode 0
Event: 0,583 Executing VM operation: ParallelGCFailedAllocation
Event: 0,591 Executing VM operation: ParallelGCFailedAllocation done
Event: 0,645 Executing VM operation: ParallelGCFailedAllocation


Dynamic libraries:
c2400000-c4d80000 rw-p 00000000 00:00 0 
c4d80000-eb700000 ---p 00000000 00:00 0 
eb700000-edb00000 rw-p 00000000 00:00 0 
efa00000-100000000 ---p 00000000 00:00 0 
100000000-100080000 rw-p 00000000 00:00 0 
100080000-140000000 ---p 00000000 00:00 0 
560149dfc000-560149dfd000 r-xp 00000000 08:01 399014                     /usr/lib/jvm/java-8-openjdk-amd64/jre/bin/java
560149ffc000-560149ffd000 r--p 00000000 08:01 399014                     /usr/lib/jvm/java-8-openjdk-amd64/jre/bin/java
560149ffd000-560149ffe000 rw-p 00001000 08:01 399014                     /usr/lib/jvm/java-8-openjdk-amd64/jre/bin/java
56014bb57000-56014bb78000 rw-p 00000000 00:00 0                          [heap]
7fd5c8000000-7fd5c8021000 rw-p 00000000 00:00 0 
7fd5c8021000-7fd5cc000000 ---p 00000000 00:00 0 
7fd5cc000000-7fd5cc021000 rw-p 00000000 00:00 0 
7fd5cc021000-7fd5d0000000 ---p 00000000 00:00 0 
7fd5d0000000-7fd5d0954000 rw-p 00000000 00:00 0 
7fd5d0954000-7fd5d4000000 ---p 00000000 00:00 0 
7fd5d4000000-7fd5d416d000 rw-p 00000000 00:00 0 
7fd5d416d000-7fd5d8000000 ---p 00000000 00:00 0 
7fd5d8000000-7fd5d8021000 rw-p 00000000 00:00 0 
7fd5d8021000-7fd5dc000000 ---p 00000000 00:00 0 
7fd5dc000000-7fd5dc4cc000 rw-p 00000000 00:00 0 
7fd5dc4cc000-7fd5e0000000 ---p 00000000 00:00 0 
7fd5e0000000-7fd5e0021000 rw-p 00000000 00:00 0 
7fd5e0021000-7fd5e4000000 ---p 00000000 00:00 0 
7fd5e4000000-7fd5e4021000 rw-p 00000000 00:00 0 
7fd5e4021000-7fd5e8000000 ---p 00000000 00:00 0 
7fd5e8000000-7fd5e8021000 rw-p 00000000 00:00 0 
7fd5e8021000-7fd5ec000000 ---p 00000000 00:00 0 
7fd5ec000000-7fd5ec021000 rw-p 00000000 00:00 0 
7fd5ec021000-7fd5f0000000 ---p 00000000 00:00 0 
7fd5f0000000-7fd5f0021000 rw-p 00000000 00:00 0 
7fd5f0021000-7fd5f4000000 ---p 00000000 00:00 0 
7fd5f4fff000-7fd5f8000000 rw-p 00000000 00:00 0 
7fd5f8000000-7fd5f8021000 rw-p 00000000 00:00 0 
7fd5f8021000-7fd5fc000000 ---p 00000000 00:00 0 
7fd5fdbf4000-7fd5fdc05000 r-xp 00000000 08:01 399051                     /usr/lib/jvm/java-8-openjdk-amd64/jre/lib/amd64/libnio.so
7fd5fdc05000-7fd5fde05000 ---p 00011000 08:01 399051                     /usr/lib/jvm/java-8-openjdk-amd64/jre/lib/amd64/libnio.so
7fd5fde05000-7fd5fde06000 r--p 00011000 08:01 399051                     /usr/lib/jvm/java-8-openjdk-amd64/jre/lib/amd64/libnio.so
7fd5fde06000-7fd5fde07000 rw-p 00012000 08:01 399051                     /usr/lib/jvm/java-8-openjdk-amd64/jre/lib/amd64/libnio.so
7fd5fde07000-7fd5fde1e000 r-xp 00000000 08:01 399050                     /usr/lib/jvm/java-8-openjdk-amd64/jre/lib/amd64/libnet.so
7fd5fde1e000-7fd5fe01d000 ---p 00017000 08:01 399050                     /usr/lib/jvm/java-8-openjdk-amd64/jre/lib/amd64/libnet.so
7fd5fe01d000-7fd5fe01e000 r--p 00016000 08:01 399050                     /usr/lib/jvm/java-8-openjdk-amd64/jre/lib/amd64/libnet.so
7fd5fe01e000-7fd5fe01f000 rw-p 00017000 08:01 399050                     /usr/lib/jvm/java-8-openjdk-amd64/jre/lib/amd64/libnet.so
7fd5fe01f000-7fd5fe020000 ---p 00000000 00:00 0 
7fd5fe020000-7fd600000000 rw-p 00000000 00:00 0 
7fd600000000-7fd600021000 rw-p 00000000 00:00 0 
7fd600021000-7fd604000000 ---p 00000000 00:00 0 
7fd604017000-7fd60401a000 ---p 00000000 00:00 0 
7fd60401a000-7fd604118000 rw-p 00000000 00:00 0 
7fd604118000-7fd60411b000 ---p 00000000 00:00 0 
7fd60411b000-7fd604219000 rw-p 00000000 00:00 0 
7fd604219000-7fd60421c000 ---p 00000000 00:00 0 
7fd60421c000-7fd60431a000 rw-p 00000000 00:00 0 
7fd60431a000-7fd60431d000 ---p 00000000 00:00 0 
7fd60431d000-7fd60441b000 rw-p 00000000 00:00 0 
7fd60441b000-7fd60441e000 ---p 00000000 00:00 0 
7fd60441e000-7fd60451c000 rw-p 00000000 00:00 0 
7fd60451c000-7fd6047f8000 r--p 00000000 08:01 273945                     /usr/lib/locale/locale-archive
7fd6047f8000-7fd6047fb000 ---p 00000000 00:00 0 
7fd6047fb000-7fd6048f9000 rw-p 00000000 00:00 0 
7fd6048f9000-7fd6048fc000 ---p 00000000 00:00 0 
7fd6048fc000-7fd6049fa000 rw-p 00000000 00:00 0 
7fd6049fa000-7fd6049fb000 ---p 00000000 00:00 0 
7fd6049fb000-7fd605000000 rw-p 00000000 00:00 0 
7fd605000000-7fd605270000 rwxp 00000000 00:00 0 
7fd605270000-7fd614000000 ---p 00000000 00:00 0 
7fd614000000-7fd6141d7000 rw-p 00000000 00:00 0 
7fd6141d7000-7fd618000000 ---p 00000000 00:00 0 
7fd61804f000-7fd618090000 rw-p 00000000 00:00 0 
7fd618090000-7fd61809a000 r--s 00116000 08:01 399073                     /usr/lib/jvm/java-8-openjdk-amd64/jre/lib/ext/localedata.jar
7fd61809a000-7fd61809e000 r--s 00037000 08:01 399077                     /usr/lib/jvm/java-8-openjdk-amd64/jre/lib/ext/sunpkcs11.jar
7fd61809e000-7fd6180a1000 r--s 0000f000 08:01 399071                     /usr/lib/jvm/java-8-openjdk-amd64/jre/lib/ext/icedtea-sound.jar
7fd6180a1000-7fd6180a7000 r--s 0003a000 08:01 399076                     /usr/lib/jvm/java-8-openjdk-amd64/jre/lib/ext/sunjce_provider.jar
7fd6180a7000-7fd6180c2000 r--s 001d6000 08:01 399074                     /usr/lib/jvm/java-8-openjdk-amd64/jre/lib/ext/nashorn.jar
7fd6180c2000-7fd6180dd000 r--s 00394000 08:01 399069                     /usr/lib/jvm/java-8-openjdk-amd64/jre/lib/ext/cldrdata.jar
7fd6180dd000-7fd618b8c000 rw-p 00000000 00:00 0 
7fd618b8c000-7fd618d5b000 r--s 03c21000 08:01 399095                     /usr/lib/jvm/java-8-openjdk-amd64/jre/lib/rt.jar
7fd618d5b000-7fd619211000 rw-p 00000000 00:00 0 
7fd619211000-7fd6195d1000 ---p 00000000 00:00 0 
7fd6195d1000-7fd6197bf000 rw-p 00000000 00:00 0 
7fd6197bf000-7fd6197c0000 ---p 00000000 00:00 0 
7fd6197c0000-7fd6198c0000 rw-p 00000000 00:00 0 
7fd6198c0000-7fd6198c1000 ---p 00000000 00:00 0 
7fd6198c1000-7fd6199c1000 rw-p 00000000 00:00 0 
7fd6199c1000-7fd6199c2000 ---p 00000000 00:00 0 
7fd6199c2000-7fd619ac2000 rw-p 00000000 00:00 0 
7fd619ac2000-7fd619ac3000 ---p 00000000 00:00 0 
7fd619ac3000-7fd619bd8000 rw-p 00000000 00:00 0 
7fd619bd8000-7fd619d0d000 ---p 00000000 00:00 0 
7fd619d0d000-7fd619d22000 rw-p 00000000 00:00 0 
7fd619d22000-7fd619e56000 ---p 00000000 00:00 0 
7fd619e56000-7fd619e69000 rw-p 00000000 00:00 0 
7fd619e69000-7fd619efb000 ---p 00000000 00:00 0 
7fd619efb000-7fd619f06000 rw-p 00000000 00:00 0 
7fd619f06000-7fd61a2bc000 ---p 00000000 00:00 0 
7fd61a2bc000-7fd61a2c4000 r-xp 00000000 08:01 399058                     /usr/lib/jvm/java-8-openjdk-amd64/jre/lib/amd64/libzip.so
7fd61a2c4000-7fd61a4c3000 ---p 00008000 08:01 399058                     /usr/lib/jvm/java-8-openjdk-amd64/jre/lib/amd64/libzip.so
7fd61a4c3000-7fd61a4c4000 r--p 00007000 08:01 399058                     /usr/lib/jvm/java-8-openjdk-amd64/jre/lib/amd64/libzip.so
7fd61a4c4000-7fd61a4c5000 rw-p 00008000 08:01 399058                     /usr/lib/jvm/java-8-openjdk-amd64/jre/lib/amd64/libzip.so
7fd61a4c5000-7fd61a4d0000 r-xp 00000000 08:01 1966171                    /lib/x86_64-linux-gnu/libnss_files-2.24.so
7fd61a4d0000-7fd61a6cf000 ---p 0000b000 08:01 1966171                    /lib/x86_64-linux-gnu/libnss_files-2.24.so
7fd61a6cf000-7fd61a6d0000 r--p 0000a000 08:01 1966171                    /lib/x86_64-linux-gnu/libnss_files-2.24.so
7fd61a6d0000-7fd61a6d1000 rw-p 0000b000 08:01 1966171                    /lib/x86_64-linux-gnu/libnss_files-2.24.so
7fd61a6d1000-7fd61a6d7000 rw-p 00000000 00:00 0 
7fd61a6d7000-7fd61a6e2000 r-xp 00000000 08:01 1966173                    /lib/x86_64-linux-gnu/libnss_nis-2.24.so
7fd61a6e2000-7fd61a8e1000 ---p 0000b000 08:01 1966173                    /lib/x86_64-linux-gnu/libnss_nis-2.24.so
7fd61a8e1000-7fd61a8e2000 r--p 0000a000 08:01 1966173                    /lib/x86_64-linux-gnu/libnss_nis-2.24.so
7fd61a8e2000-7fd61a8e3000 rw-p 0000b000 08:01 1966173                    /lib/x86_64-linux-gnu/libnss_nis-2.24.so
7fd61a8e3000-7fd61a8f9000 r-xp 00000000 08:01 1966168                    /lib/x86_64-linux-gnu/libnsl-2.24.so
7fd61a8f9000-7fd61aaf8000 ---p 00016000 08:01 1966168                    /lib/x86_64-linux-gnu/libnsl-2.24.so
7fd61aaf8000-7fd61aaf9000 r--p 00015000 08:01 1966168                    /lib/x86_64-linux-gnu/libnsl-2.24.so
7fd61aaf9000-7fd61aafa000 rw-p 00016000 08:01 1966168                    /lib/x86_64-linux-gnu/libnsl-2.24.so
7fd61aafa000-7fd61aafc000 rw-p 00000000 00:00 0 
7fd61aafc000-7fd61ab04000 r-xp 00000000 08:01 1966169                    /lib/x86_64-linux-gnu/libnss_compat-2.24.so
7fd61ab04000-7fd61ad03000 ---p 00008000 08:01 1966169                    /lib/x86_64-linux-gnu/libnss_compat-2.24.so
7fd61ad03000-7fd61ad04000 r--p 00007000 08:01 1966169                    /lib/x86_64-linux-gnu/libnss_compat-2.24.so
7fd61ad04000-7fd61ad05000 rw-p 00008000 08:01 1966169                    /lib/x86_64-linux-gnu/libnss_compat-2.24.so
7fd61ad05000-7fd61ad32000 r-xp 00000000 08:01 399039                     /usr/lib/jvm/java-8-openjdk-amd64/jre/lib/amd64/libjava.so
7fd61ad32000-7fd61af31000 ---p 0002d000 08:01 399039                     /usr/lib/jvm/java-8-openjdk-amd64/jre/lib/amd64/libjava.so
7fd61af31000-7fd61af32000 r--p 0002c000 08:01 399039                     /usr/lib/jvm/java-8-openjdk-amd64/jre/lib/amd64/libjava.so
7fd61af32000-7fd61af34000 rw-p 0002d000 08:01 399039                     /usr/lib/jvm/java-8-openjdk-amd64/jre/lib/amd64/libjava.so
7fd61af34000-7fd61af43000 r-xp 00000000 08:01 399057                     /usr/lib/jvm/java-8-openjdk-amd64/jre/lib/amd64/libverify.so
7fd61af43000-7fd61b143000 ---p 0000f000 08:01 399057                     /usr/lib/jvm/java-8-openjdk-amd64/jre/lib/amd64/libverify.so
7fd61b143000-7fd61b145000 r--p 0000f000 08:01 399057                     /usr/lib/jvm/java-8-openjdk-amd64/jre/lib/amd64/libverify.so
7fd61b145000-7fd61b146000 rw-p 00011000 08:01 399057                     /usr/lib/jvm/java-8-openjdk-amd64/jre/lib/amd64/libverify.so
7fd61b146000-7fd61b14d000 r-xp 00000000 08:01 1970964                    /lib/x86_64-linux-gnu/librt-2.24.so
7fd61b14d000-7fd61b34c000 ---p 00007000 08:01 1970964                    /lib/x86_64-linux-gnu/librt-2.24.so
7fd61b34c000-7fd61b34d000 r--p 00006000 08:01 1970964                    /lib/x86_64-linux-gnu/librt-2.24.so
7fd61b34d000-7fd61b34e000 rw-p 00007000 08:01 1970964                    /lib/x86_64-linux-gnu/librt-2.24.so
7fd61b34e000-7fd61b364000 r-xp 00000000 08:01 1971334                    /lib/x86_64-linux-gnu/libgcc_s.so.1
7fd61b364000-7fd61b563000 ---p 00016000 08:01 1971334                    /lib/x86_64-linux-gnu/libgcc_s.so.1
7fd61b563000-7fd61b564000 r--p 00015000 08:01 1971334                    /lib/x86_64-linux-gnu/libgcc_s.so.1
7fd61b564000-7fd61b565000 rw-p 00016000 08:01 1971334                    /lib/x86_64-linux-gnu/libgcc_s.so.1
7fd61b565000-7fd61b66d000 r-xp 00000000 08:01 1966165                    /lib/x86_64-linux-gnu/libm-2.24.so
7fd61b66d000-7fd61b86c000 ---p 00108000 08:01 1966165                    /lib/x86_64-linux-gnu/libm-2.24.so
7fd61b86c000-7fd61b86d000 r--p 00107000 08:01 1966165                    /lib/x86_64-linux-gnu/libm-2.24.so
7fd61b86d000-7fd61b86e000 rw-p 00108000 08:01 1966165                    /lib/x86_64-linux-gnu/libm-2.24.so
7fd61b86e000-7fd61b9e7000 r-xp 00000000 08:01 273969                     /usr/lib/x86_64-linux-gnu/libstdc++.so.6.0.22
7fd61b9e7000-7fd61bbe6000 ---p 00179000 08:01 273969                     /usr/lib/x86_64-linux-gnu/libstdc++.so.6.0.22
7fd61bbe6000-7fd61bbf0000 r--p 00178000 08:01 273969                     /usr/lib/x86_64-linux-gnu/libstdc++.so.6.0.22
7fd61bbf0000-7fd61bbf2000 rw-p 00182000 08:01 273969                     /usr/lib/x86_64-linux-gnu/libstdc++.so.6.0.22
7fd61bbf2000-7fd61bbf6000 rw-p 00000000 00:00 0 
7fd61bbf6000-7fd61c84b000 r-xp 00000000 08:01 399060                     /usr/lib/jvm/java-8-openjdk-amd64/jre/lib/amd64/server/libjvm.so
7fd61c84b000-7fd61ca4b000 ---p 00c55000 08:01 399060                     /usr/lib/jvm/java-8-openjdk-amd64/jre/lib/amd64/server/libjvm.so
7fd61ca4b000-7fd61cade000 r--p 00c55000 08:01 399060                     /usr/lib/jvm/java-8-openjdk-amd64/jre/lib/amd64/server/libjvm.so
7fd61cade000-7fd61cb07000 rw-p 00ce8000 08:01 399060                     /usr/lib/jvm/java-8-openjdk-amd64/jre/lib/amd64/server/libjvm.so
7fd61cb07000-7fd61cb37000 rw-p 00000000 00:00 0 
7fd61cb37000-7fd61cb4f000 r-xp 00000000 08:01 1966176                    /lib/x86_64-linux-gnu/libpthread-2.24.so
7fd61cb4f000-7fd61cd4f000 ---p 00018000 08:01 1966176                    /lib/x86_64-linux-gnu/libpthread-2.24.so
7fd61cd4f000-7fd61cd50000 r--p 00018000 08:01 1966176                    /lib/x86_64-linux-gnu/libpthread-2.24.so
7fd61cd50000-7fd61cd51000 rw-p 00019000 08:01 1966176                    /lib/x86_64-linux-gnu/libpthread-2.24.so
7fd61cd51000-7fd61cd55000 rw-p 00000000 00:00 0 
7fd61cd55000-7fd61cd58000 r-xp 00000000 08:01 1966164                    /lib/x86_64-linux-gnu/libdl-2.24.so
7fd61cd58000-7fd61cf57000 ---p 00003000 08:01 1966164                    /lib/x86_64-linux-gnu/libdl-2.24.so
7fd61cf57000-7fd61cf58000 r--p 00002000 08:01 1966164                    /lib/x86_64-linux-gnu/libdl-2.24.so
7fd61cf58000-7fd61cf59000 rw-p 00003000 08:01 1966164                    /lib/x86_64-linux-gnu/libdl-2.24.so
7fd61cf59000-7fd61cf74000 r-xp 00000000 08:01 1971476                    /lib/x86_64-linux-gnu/libz.so.1.2.11
7fd61cf74000-7fd61d173000 ---p 0001b000 08:01 1971476                    /lib/x86_64-linux-gnu/libz.so.1.2.11
7fd61d173000-7fd61d174000 r--p 0001a000 08:01 1971476                    /lib/x86_64-linux-gnu/libz.so.1.2.11
7fd61d174000-7fd61d175000 rw-p 0001b000 08:01 1971476                    /lib/x86_64-linux-gnu/libz.so.1.2.11
7fd61d175000-7fd61d333000 r-xp 00000000 08:01 1966161                    /lib/x86_64-linux-gnu/libc-2.24.so
7fd61d333000-7fd61d532000 ---p 001be000 08:01 1966161                    /lib/x86_64-linux-gnu/libc-2.24.so
7fd61d532000-7fd61d536000 r--p 001bd000 08:01 1966161                    /lib/x86_64-linux-gnu/libc-2.24.so
7fd61d536000-7fd61d538000 rw-p 001c1000 08:01 1966161                    /lib/x86_64-linux-gnu/libc-2.24.so
7fd61d538000-7fd61d53c000 rw-p 00000000 00:00 0 
7fd61d53c000-7fd61d549000 r-xp 00000000 08:01 399025                     /usr/lib/jvm/java-8-openjdk-amd64/jre/lib/amd64/jli/libjli.so
7fd61d549000-7fd61d749000 ---p 0000d000 08:01 399025                     /usr/lib/jvm/java-8-openjdk-amd64/jre/lib/amd64/jli/libjli.so
7fd61d749000-7fd61d74a000 r--p 0000d000 08:01 399025                     /usr/lib/jvm/java-8-openjdk-amd64/jre/lib/amd64/jli/libjli.so
7fd61d74a000-7fd61d74b000 rw-p 0000e000 08:01 399025                     /usr/lib/jvm/java-8-openjdk-amd64/jre/lib/amd64/jli/libjli.so
7fd61d74b000-7fd61d771000 r-xp 00000000 08:01 1966085                    /lib/x86_64-linux-gnu/ld-2.24.so
7fd61d771000-7fd61d773000 r--s 00001000 08:01 399070                     /usr/lib/jvm/java-8-openjdk-amd64/jre/lib/ext/dnsns.jar
7fd61d773000-7fd61d774000 r--s 0000a000 08:01 399072                     /usr/lib/jvm/java-8-openjdk-amd64/jre/lib/ext/jaccess.jar
7fd61d774000-7fd61d776000 r--s 00007000 08:01 540865                     /usr/share/java/java-atk-wrapper.jar
7fd61d776000-7fd61d778000 r--s 00008000 08:01 399075                     /usr/lib/jvm/java-8-openjdk-amd64/jre/lib/ext/sunec.jar
7fd61d778000-7fd61d849000 rw-p 00000000 00:00 0 
7fd61d849000-7fd61d84c000 ---p 00000000 00:00 0 
7fd61d84c000-7fd61d94e000 rw-p 00000000 00:00 0 
7fd61d94e000-7fd61d94f000 r--s 00010000 08:01 399078                     /usr/lib/jvm/java-8-openjdk-amd64/jre/lib/ext/zipfs.jar
7fd61d94f000-7fd61d963000 rw-p 00000000 00:00 0 
7fd61d963000-7fd61d96b000 rw-s 00000000 08:01 2114217                    /tmp/hsperfdata_joao/3965
7fd61d96b000-7fd61d96c000 rw-p 00000000 00:00 0 
7fd61d96c000-7fd61d96d000 ---p 00000000 00:00 0 
7fd61d96d000-7fd61d970000 rw-p 00000000 00:00 0 
7fd61d970000-7fd61d971000 r--p 00025000 08:01 1966085                    /lib/x86_64-linux-gnu/ld-2.24.so
7fd61d971000-7fd61d972000 rw-p 00026000 08:01 1966085                    /lib/x86_64-linux-gnu/ld-2.24.so
7fd61d972000-7fd61d973000 rw-p 00000000 00:00 0 
7ffd506dd000-7ffd506fe000 rw-p 00000000 00:00 0                          [stack]
7ffd507eb000-7ffd507ed000 r--p 00000000 00:00 0                          [vvar]
7ffd507ed000-7ffd507ef000 r-xp 00000000 00:00 0                          [vdso]
ffffffffff600000-ffffffffff601000 r-xp 00000000 00:00 0                  [vsyscall]

VM Arguments:
jvm_args: -Dfile.encoding=UTF-8 
java_command: mapa_genoma.App
java_class_path (initial): /home/joao/Dropbox/PROJETOS_DESENV/mapa_genoma/bin
Launcher Type: SUN_STANDARD

Environment Variables:
PATH=/home/joao/anaconda3/bin:/usr/local/sbin:/usr/local/bin:/usr/sbin:/usr/bin:/sbin:/bin:/usr/games:/usr/local/games:/snap/bin
SHELL=/bin/bash
DISPLAY=:0

Signal Handlers:
SIGSEGV: [libjvm.so+0xa6be90], sa_mask[0]=11111111011111111101111111111110, sa_flags=SA_RESTART|SA_SIGINFO
SIGBUS: [libjvm.so+0xa6be90], sa_mask[0]=11111111011111111101111111111110, sa_flags=SA_RESTART|SA_SIGINFO
SIGFPE: [libjvm.so+0x8b63b0], sa_mask[0]=11111111011111111101111111111110, sa_flags=SA_RESTART|SA_SIGINFO
SIGPIPE: [libjvm.so+0x8b63b0], sa_mask[0]=11111111011111111101111111111110, sa_flags=SA_RESTART|SA_SIGINFO
SIGXFSZ: [libjvm.so+0x8b63b0], sa_mask[0]=11111111011111111101111111111110, sa_flags=SA_RESTART|SA_SIGINFO
SIGILL: [libjvm.so+0x8b63b0], sa_mask[0]=11111111011111111101111111111110, sa_flags=SA_RESTART|SA_SIGINFO
SIGUSR1: SIG_DFL, sa_mask[0]=00000000000000000000000000000000, sa_flags=none
SIGUSR2: [libjvm.so+0x8b6260], sa_mask[0]=00100000000000000000000000000000, sa_flags=SA_RESTART|SA_SIGINFO
SIGHUP: [libjvm.so+0x8b6710], sa_mask[0]=11111111011111111101111111111110, sa_flags=SA_RESTART|SA_SIGINFO
SIGINT: [libjvm.so+0x8b6710], sa_mask[0]=11111111011111111101111111111110, sa_flags=SA_RESTART|SA_SIGINFO
SIGTERM: [libjvm.so+0x8b6710], sa_mask[0]=11111111011111111101111111111110, sa_flags=SA_RESTART|SA_SIGINFO
SIGQUIT: [libjvm.so+0x8b6710], sa_mask[0]=11111111011111111101111111111110, sa_flags=SA_RESTART|SA_SIGINFO


---------------  S Y S T E M  ---------------

OS:DISTRIB_ID=Ubuntu
DISTRIB_RELEASE=17.04
DISTRIB_CODENAME=zesty
DISTRIB_DESCRIPTION="Ubuntu 17.04"

uname:Linux 4.10.0-38-generic #42-Ubuntu SMP Tue Oct 10 13:24:27 UTC 2017 x86_64
libc:glibc 2.24 NPTL 2.24 
rlimit: STACK 8192k, CORE 0k, NPROC 15634, NOFILE 1048576, AS infinity
load average:0,94 0,51 0,49

/proc/meminfo:
MemTotal:        4043916 kB
MemFree:           84672 kB
MemAvailable:          0 kB
Buffers:             824 kB
Cached:            87272 kB
SwapCached:         1344 kB
Active:          3091248 kB
Inactive:         624480 kB
Active(anon):    3084648 kB
Inactive(anon):   617896 kB
Active(file):       6600 kB
Inactive(file):     6584 kB
Unevictable:         408 kB
Mlocked:             408 kB
SwapTotal:       1942896 kB
SwapFree:              0 kB
Dirty:               124 kB
Writeback:           148 kB
AnonPages:       3627868 kB
Mapped:            47880 kB
Shmem:             74280 kB
Slab:              87744 kB
SReclaimable:      38832 kB
SUnreclaim:        48912 kB
KernelStack:       17824 kB
PageTables:        87812 kB
NFS_Unstable:          0 kB
Bounce:                0 kB
WritebackTmp:          0 kB
CommitLimit:     3964852 kB
Committed_AS:   13888900 kB
VmallocTotal:   34359738367 kB
VmallocUsed:           0 kB
VmallocChunk:          0 kB
HardwareCorrupted:     0 kB
AnonHugePages:   1347584 kB
ShmemHugePages:        0 kB
ShmemPmdMapped:        0 kB
CmaTotal:              0 kB
CmaFree:               0 kB
HugePages_Total:       0
HugePages_Free:        0
HugePages_Rsvd:        0
HugePages_Surp:        0
Hugepagesize:       2048 kB
DirectMap4k:      286656 kB
DirectMap2M:     3907584 kB


CPU:total 4 (initial active 4) (4 cores per cpu, 1 threads per core) family 6 model 94 stepping 3, cmov, cx8, fxsr, mmx, sse, sse2, sse3, ssse3, sse4.1, sse4.2, popcnt, avx, aes, clmul, 3dnowpref, lzcnt, tsc, tscinvbit

/proc/cpuinfo:
processor	: 0
vendor_id	: GenuineIntel
cpu family	: 6
model		: 94
model name	: Intel(R) Core(TM) i7-6700HQ CPU @ 2.60GHz
stepping	: 3
cpu MHz		: 2591.998
cache size	: 6144 KB
physical id	: 0
siblings	: 4
core id		: 0
cpu cores	: 4
apicid		: 0
initial apicid	: 0
fpu		: yes
fpu_exception	: yes
cpuid level	: 22
wp		: yes
flags		: fpu vme de pse tsc msr pae mce cx8 apic sep mtrr pge mca cmov pat pse36 clflush mmx fxsr sse sse2 ht syscall nx rdtscp lm constant_tsc rep_good nopl xtopology nonstop_tsc pni pclmulqdq ssse3 cx16 sse4_1 sse4_2 x2apic movbe popcnt aes xsave avx rdrand hypervisor lahf_lm abm 3dnowprefetch rdseed clflushopt
bugs		:
bogomips	: 5183.99
clflush size	: 64
cache_alignment	: 64
address sizes	: 39 bits physical, 48 bits virtual
power management:

processor	: 1
vendor_id	: GenuineIntel
cpu family	: 6
model		: 94
model name	: Intel(R) Core(TM) i7-6700HQ CPU @ 2.60GHz
stepping	: 3
cpu MHz		: 2591.998
cache size	: 6144 KB
physical id	: 0
siblings	: 4
core id		: 1
cpu cores	: 4
apicid		: 1
initial apicid	: 1
fpu		: yes
fpu_exception	: yes
cpuid level	: 22
wp		: yes
flags		: fpu vme de pse tsc msr pae mce cx8 apic sep mtrr pge mca cmov pat pse36 clflush mmx fxsr sse sse2 ht syscall nx rdtscp lm constant_tsc rep_good nopl xtopology nonstop_tsc pni pclmulqdq ssse3 cx16 sse4_1 sse4_2 x2apic movbe popcnt aes xsave avx rdrand hypervisor lahf_lm abm 3dnowprefetch rdseed clflushopt
bugs		:
bogomips	: 5183.99
clflush size	: 64
cache_alignment	: 64
address sizes	: 39 bits physical, 48 bits virtual
power management:

processor	: 2
vendor_id	: GenuineIntel
cpu family	: 6
model		: 94
model name	: Intel(R) Core(TM) i7-6700HQ CPU @ 2.60GHz
stepping	: 3
cpu MHz		: 2591.998
cache size	: 6144 KB
physical id	: 0
siblings	: 4
core id		: 2
cpu cores	: 4
apicid		: 2
initial apicid	: 2
fpu		: yes
fpu_exception	: yes
cpuid level	: 22
wp		: yes
flags		: fpu vme de pse tsc msr pae mce cx8 apic sep mtrr pge mca cmov pat pse36 clflush mmx fxsr sse sse2 ht syscall nx rdtscp lm constant_tsc rep_good nopl xtopology nonstop_tsc pni pclmulqdq ssse3 cx16 sse4_1 sse4_2 x2apic movbe popcnt aes xsave avx rdrand hypervisor lahf_lm abm 3dnowprefetch rdseed clflushopt
bugs		:
bogomips	: 5183.99
clflush size	: 64
cache_alignment	: 64
address sizes	: 39 bits physical, 48 bits virtual
power management:

processor	: 3
vendor_id	: GenuineIntel
cpu family	: 6
model		: 94
model name	: Intel(R) Core(TM) i7-6700HQ CPU @ 2.60GHz
stepping	: 3
cpu MHz		: 2591.998
cache size	: 6144 KB
physical id	: 0
siblings	: 4
core id		: 3
cpu cores	: 4
apicid		: 3
initial apicid	: 3
fpu		: yes
fpu_exception	: yes
cpuid level	: 22
wp		: yes
flags		: fpu vme de pse tsc msr pae mce cx8 apic sep mtrr pge mca cmov pat pse36 clflush mmx fxsr sse sse2 ht syscall nx rdtscp lm constant_tsc rep_good nopl xtopology nonstop_tsc pni pclmulqdq ssse3 cx16 sse4_1 sse4_2 x2apic movbe popcnt aes xsave avx rdrand hypervisor lahf_lm abm 3dnowprefetch rdseed clflushopt
bugs		:
bogomips	: 5183.99
clflush size	: 64
cache_alignment	: 64
address sizes	: 39 bits physical, 48 bits virtual
power management:



Memory: 4k page, physical 4043916k(85464k free), swap 1942896k(0k free)

vm_info: OpenJDK 64-Bit Server VM (25.151-b12) for linux-amd64 JRE (1.8.0_151-8u151-b12-0ubuntu0.17.04.2-b12), built on Oct 26 2017 19:48:24 by "buildd" with gcc 6.3.0 20170406

time: Mon Nov 13 20:43:51 2017
elapsed time: 1 seconds (0d 0h 0m 1s)

